2
[ 0.03194352 -0.10726754 -0.07761468 -0.05941741 -0.01405282 -0.05065167
 -0.00066849 -0.03224226  0.04270983 -0.04119839  0.04193087 -0.10426342
  0.05062023 -0.07438063  0.11796627 -0.05554223  0.07088765 -0.03004015
 -0.13442909 -0.1016365   0.04776528  0.13510945  0.16760116  0.12866371
  0.09330907  0.11709478  0.05788984  0.05559233  0.00558393 -0.02135004
 -0.08377313 -0.0905878  -0.04360718 -0.0076276  -0.00609944  0.02057247
  0.01294614  0.05164411  0.0396258   0.07451835  0.02745107 -0.05573219
 -0.00151026 -0.0074569  -0.00407349 -0.04551485  0.01963194 -0.08063539
 -0.20058508 -0.20046078 -0.21560302 -0.17277233 -0.09011896  0.04342496
 -0.10666367  0.10835674 -0.2302508  -0.20906282 -0.1476892  -0.18645173
 -0.22187024 -0.22406904 -0.22236725 -0.16946013  0.1022989  -0.00129925
 -0.16904427 -0.22010035 -0.03728344 -0.10089291 -0.15633429 -0.21509684
  0.09389615 -0.05254517  0.07925527 -0.08780303 -0.06476995 -0.13731889
 -0.15973518]
YOR096W	RPS7A  PROTEIN SYNTHESIS        RIBOSOMAL PROTEIN S7A
YOL127W	RPL25  PROTEIN SYNTHESIS        RIBOSOMAL PROTEIN L25
YOR369C	RPS12  PROTEIN SYNTHESIS        RIBOSOMAL PROTEIN S12
YPL131W	RPL5   PROTEIN SYNTHESIS        RIBOSOMAL PROTEIN L5
YPL143W	RPL33A PROTEIN SYNTHESIS        RIBOSOMAL PROTEIN L33A
YOR063W	RPL3   PROTEIN SYNTHESIS        RIBOSOMAL PROTEIN L3
YOR312C	RPL20B PROTEIN SYNTHESIS        RIBOSOMAL PROTEIN L20B
YPL198W	RPL7B  PROTEIN SYNTHESIS        RIBOSOMAL PROTEIN L7B
YOR182C	RPS30B PROTEIN SYNTHESIS        RIBOSOMAL PROTEIN S30B
YOR234C	RPL33B PROTEIN SYNTHESIS        RIBOSOMAL PROTEIN L33B
YPL081W	RPS9A  PROTEIN SYNTHESIS        RIBOSOMAL PROTEIN S9A
YPL090C	RPS6A  PROTEIN SYNTHESIS        RIBOSOMAL PROTEIN S6A
YOR167C	RPS28A PROTEIN SYNTHESIS        RIBOSOMAL PROTEIN S28A
YOR293W	RPS10A PROTEIN SYNTHESIS        RIBOSOMAL PROTEIN S10A
YPL079W	RPL21B PROTEIN SYNTHESIS        RIBOSOMAL PROTEIN L21B
[-0.03717924  0.0043895   0.05181964  0.02925729  0.02652718  0.00590474
  0.03948181 -0.0342397   0.01399031 -0.01682315 -0.0027909  -0.073056
 -0.05985499 -0.12693856 -0.04808695 -0.09408949 -0.0720461  -0.11758985
  0.05619607  0.03686188 -0.01900791 -0.01008281 -0.04575612 -0.04760504
 -0.02265407  0.08058004  0.09367814  0.06137418  0.02490106  0.12270356
  0.09397469  0.06746636 -0.11762569 -0.11638117 -0.10888848  0.0013577
  0.01088088  0.03393204  0.0534272   0.09462516  0.06000828 -0.00425575
  0.07198649  0.05505824  0.07761676  0.09786862  0.09844796 -0.06287826
  0.05647776  0.04025647  0.02215517 -0.05082689 -0.09242795  0.0467534
 -0.09881515 -0.11976656  0.0205753   0.01096053 -0.03432108  0.05187669
  0.03994332 -0.00478918 -0.02654871 -0.03755326 -0.00190433 -0.06812136
  0.04520601  0.01540188 -0.05434926  0.00810924 -0.03654032 -0.04304484
  0.0372294   0.04524496  0.08846611  0.04743006  0.08182756  0.11077683
  0.08125197]
YLR038C	"COX12  OXIDATIVE PHOSPHORYLATIO CYTOCHROME-C OXIDASE, SUBUNIT VIB"
YPR001W	CIT3   TCA CYCLE                CITRATE SYNTHASE
YPR191W	QCR2   OXIDATIVE PHOSPHORYLATIO UBIQUINOL--CYTOCHROME-C REDUCTASE 40 KD SUBUNIT
YLR174W	IDP2   TCA CYCLE                ISOCITRATE DEHYDROGENASE
YKL145W	"RPT1   PROTEIN DEGRADATION, UBI 26S PROTEASOME SUBUNIT"
YGR135W	PRE9   PROTEIN DEGRADATION      20S PROTEASOME SUBUNIT Y13 (ALPHA3)
YJL001W	PRE3   PROTEIN DEGRADATION      20S PROTEASOME SUBUNIT (BETA1)
YFL018C	LPD1   TCA CYCLE                DIHYDROLIPOAMIDE DEHYDROGENASE
YOR065W	CYT1   OXIDATIVE PHOSPHORYLATIO CYTOCHROME C1
YDR148C	KGD2   TCA CYCLE                2-OXOGLUTARATE DEHYDROGENASE
YOR142W	LSC1   TCA CYCLE                SUCCINYL-COA LIGASE
YGR253C	PUP2   PROTEIN DEGRADATION      20S PROTEASOME SUBUNIT(ALPHA5)
YKL085W	MDH1   TCA CYCLE                MALATE DEHYDROGENASE
YNL052W	COX5A  OXIDATIVE PHOSPHORYLATIO CYTOCHROME-C OXIDASE SUBUNIT VA
YMR314W	PRE5   PROTEIN DEGRADATION      20S PROTEASOME SUBUNIT(ALPHA6)
YOL038W	PRE6   PROTEIN DEGRADATION      20S PROTEASOME SUBUNIT (ALPHA4)
YHR200W	RPN10  PROTEIN DEGRADATION      26S PROTEASOME SUBUNIT
YML092C	PRE8   PROTEIN DEGRADATION      20S PROTEASOME SUBUNIT Y7 (ALPHA2
YOR157C	PUP1   PROTEIN DEGRADATION      20S PROTEASOME SUBUNIT (BETA2)
YGR270W	YTA7   PROTEIN DEGRADATION      26S PROTEASOME SUBUNIT; ATPASE
YHR027C	RPN1   PROTEIN DEGRADATION      26S PROTEASOME REGULATORY SUBUNIT
YGL191W	COX13  OXIDATIVE PHOSPHORYLATIO CYTOCHROME-C OXIDASE SUBUNIT VIA
YGL048C	RPT6   PROTEIN DEGRADATION      26S PROTEASOME REGULATORY SUBUNIT
YPL262W	FUM1   TCA CYCLE                FUMARATE HYDRATASE
YLR395C	COX8   OXIDATIVE PHOSPHORYLATIO CYTOCHROME-C OXIDASE CHAIN VIII
YOR259C	RPT4   PROTEIN DEGRADATION      26S PROTEASOME REGULATORY SUBUNIT
YKL141W	SDH3   OXIDATIVE PHOSPHORYLATIO SUCCINATE DEHYDROGENASE CYTOCHROME B
YHR051W	COX6   OXIDATIVE PHOSPHORYLATIO CYTOCHROME-C OXIDASE SUBUNIT VI
YOR117W	RPT5   PROTEIN DEGRADATION      26S PROTEASOME REGULATORY SUBUNIT
YGR183C	QCR9   OXIDATIVE PHOSPHORYLATIO UBIQUINOL CYTOCHROME-C REDUCTASE SUBUNIT 9
YGL187C	COX4   OXIDATIVE PHOSPHORYLATIO CYTOCHROME-C OXIDASE SUBUNIT IV
YGR244C	LSC2   TCA CYCLE                SUCCINYL-COA LIGASE
YDL066W	IDP1   TCA CYCLE                ISOCITRATE DEHYDROGENASE (NADP+)
YOR136W	IDH2   TCA CYCLE                ISOCITRATE DEHYDROGENASE
YLR304C	ACO1   TCA CYCLE                ACONITASE
YNL037C	IDH1   TCA CYCLE                ISOCITRATE DEHYDROGENASE
YNR001C	CIT1   TCA CYCLE                CITRATE SYNTHASE
